<?xml version="1.0" encoding="UTF-8"?>
<testng-results total="1" passed="1" failed="0" skipped="0">
  <reporter-output>
  </reporter-output>
  <suite started-at="2019-10-17T06:28:49Z" name="Default suite" finished-at="2019-10-17T06:29:07Z" duration-ms="17472">
    <groups>
    </groups>
    <test started-at="2019-10-17T06:28:49Z" name="Default test" finished-at="2019-10-17T06:29:07Z" duration-ms="17472">
      <class name="rajneesh.Maventest">
        <test-method is-config="true" signature="f()[pri:0, instance:rajneesh.Maventest@57175e74]" started-at="2019-10-17T11:58:49Z" name="f" finished-at="2019-10-17T11:59:06Z" duration-ms="16139" status="PASS">
          <reporter-output>
          </reporter-output>
        </test-method> <!-- f -->
        <test-method signature="login()[pri:0, instance:rajneesh.Maventest@57175e74]" started-at="2019-10-17T11:59:06Z" name="login" finished-at="2019-10-17T11:59:07Z" duration-ms="1223" status="PASS">
          <reporter-output>
          </reporter-output>
        </test-method> <!-- login -->
        <test-method is-config="true" signature="terminateBrowser()[pri:0, instance:rajneesh.Maventest@57175e74]" started-at="2019-10-17T11:59:07Z" name="terminateBrowser" finished-at="2019-10-17T11:59:07Z" duration-ms="90" status="PASS">
          <reporter-output>
          </reporter-output>
        </test-method> <!-- terminateBrowser -->
      </class> <!-- rajneesh.Maventest -->
    </test> <!-- Default test -->
  </suite> <!-- Default suite -->
</testng-results>
